[2023-11-08 04:34:30] local.ERROR: An exception occurred in the driver: SQLSTATE[HY000] [2002] No connection could be made because the target machine actively refused it: SET SESSION sort_buffer_size=2097144; SET NAMES 'utf8mb4'; SET SESSION sql_mode='ANSI' {"exception":"[object] (Aimeos\\Base\\DB\\Exception(code: 2002): An exception occurred in the driver: SQLSTATE[HY000] [2002] No connection could be made because the target machine actively refused it: SET SESSION sort_buffer_size=2097144; SET NAMES 'utf8mb4'; SET SESSION sql_mode='ANSI' at C:\\Users\\rakhi\\myshop\\vendor\\aimeos\\aimeos-base\\src\\DB\\Statement\\DBAL\\Simple.php:75)
[stacktrace]
#0 C:\\Users\\rakhi\\myshop\\vendor\\aimeos\\aimeos-base\\src\\DB\\Connection\\DBAL.php(82): Aimeos\\Base\\DB\\Statement\\DBAL\\Simple->execute()
#1 C:\\Users\\rakhi\\myshop\\vendor\\aimeos\\aimeos-base\\src\\DB\\Connection\\DBAL.php(37): Aimeos\\Base\\DB\\Connection\\DBAL->connect()
#2 C:\\Users\\rakhi\\myshop\\vendor\\aimeos\\aimeos-base\\src\\DB\\Manager\\Standard.php(130): Aimeos\\Base\\DB\\Connection\\DBAL->__construct(Array)
#3 C:\\Users\\rakhi\\myshop\\vendor\\aimeos\\aimeos-base\\src\\DB\\Manager\\Standard.php(86): Aimeos\\Base\\DB\\Manager\\Standard->create(Array)
#4 C:\\Users\\rakhi\\myshop\\vendor\\aimeos\\aimeos-core\\src\\MShop\\Context.php(208): Aimeos\\Base\\DB\\Manager\\Standard->get('db-cache', false)
#5 C:\\Users\\rakhi\\myshop\\vendor\\aimeos\\aimeos-core\\src\\MAdmin\\Cache\\Manager\\Standard.php(213): Aimeos\\MShop\\Context->db('db-cache')
#6 C:\\Users\\rakhi\\myshop\\vendor\\aimeos\\aimeos-laravel\\src\\Base\\Context.php(120): Aimeos\\MAdmin\\Cache\\Manager\\Standard->getCache()
#7 C:\\Users\\rakhi\\myshop\\vendor\\aimeos\\aimeos-laravel\\src\\Base\\Context.php(84): Aimeos\\Shop\\Base\\Context->addCache(Object(Aimeos\\MShop\\Context))
#8 C:\\Users\\rakhi\\myshop\\vendor\\aimeos\\aimeos-laravel\\src\\Base\\Shop.php(42): Aimeos\\Shop\\Base\\Context->get()
#9 C:\\Users\\rakhi\\myshop\\vendor\\aimeos\\aimeos-laravel\\src\\ShopServiceProvider.php(109): Aimeos\\Shop\\Base\\Shop->__construct(Object(Aimeos\\Shop\\Base\\Aimeos), Object(Aimeos\\Shop\\Base\\Context), Object(Aimeos\\Shop\\Base\\View))
#10 C:\\Users\\rakhi\\myshop\\vendor\\laravel\\framework\\src\\Illuminate\\Container\\Container.php(908): Aimeos\\Shop\\ShopServiceProvider->Aimeos\\Shop\\{closure}(Object(Illuminate\\Foundation\\Application), Array)
#11 C:\\Users\\rakhi\\myshop\\vendor\\laravel\\framework\\src\\Illuminate\\Container\\Container.php(795): Illuminate\\Container\\Container->build(Object(Closure))
#12 C:\\Users\\rakhi\\myshop\\vendor\\laravel\\framework\\src\\Illuminate\\Foundation\\Application.php(955): Illuminate\\Container\\Container->resolve('aimeos.shop', Array, true)
#13 C:\\Users\\rakhi\\myshop\\vendor\\laravel\\framework\\src\\Illuminate\\Container\\Container.php(731): Illuminate\\Foundation\\Application->resolve('aimeos.shop', Array)
#14 C:\\Users\\rakhi\\myshop\\vendor\\laravel\\framework\\src\\Illuminate\\Foundation\\Application.php(940): Illuminate\\Container\\Container->make('aimeos.shop', Array)
#15 C:\\Users\\rakhi\\myshop\\vendor\\laravel\\framework\\src\\Illuminate\\Container\\Container.php(1454): Illuminate\\Foundation\\Application->make('aimeos.shop')
#16 C:\\Users\\rakhi\\myshop\\vendor\\laravel\\framework\\src\\Illuminate\\Support\\Facades\\Facade.php(236): Illuminate\\Container\\Container->offsetGet('aimeos.shop')
#17 C:\\Users\\rakhi\\myshop\\vendor\\laravel\\framework\\src\\Illuminate\\Support\\Facades\\Facade.php(207): Illuminate\\Support\\Facades\\Facade::resolveFacadeInstance('aimeos.shop')
#18 C:\\Users\\rakhi\\myshop\\vendor\\laravel\\framework\\src\\Illuminate\\Support\\Facades\\Facade.php(347): Illuminate\\Support\\Facades\\Facade::getFacadeRoot()
#19 C:\\Users\\rakhi\\myshop\\vendor\\aimeos\\aimeos-laravel\\src\\Controller\\CatalogController.php(81): Illuminate\\Support\\Facades\\Facade::__callStatic('get', Array)
#20 C:\\Users\\rakhi\\myshop\\vendor\\laravel\\framework\\src\\Illuminate\\Routing\\Controller.php(54): Aimeos\\Shop\\Controller\\CatalogController->homeAction()
#21 C:\\Users\\rakhi\\myshop\\vendor\\laravel\\framework\\src\\Illuminate\\Routing\\ControllerDispatcher.php(43): Illuminate\\Routing\\Controller->callAction('homeAction', Array)
#22 C:\\Users\\rakhi\\myshop\\vendor\\laravel\\framework\\src\\Illuminate\\Routing\\Route.php(259): Illuminate\\Routing\\ControllerDispatcher->dispatch(Object(Illuminate\\Routing\\Route), Object(Aimeos\\Shop\\Controller\\CatalogController), 'homeAction')
#23 C:\\Users\\rakhi\\myshop\\vendor\\laravel\\framework\\src\\Illuminate\\Routing\\Route.php(205): Illuminate\\Routing\\Route->runController()
#24 C:\\Users\\rakhi\\myshop\\vendor\\laravel\\framework\\src\\Illuminate\\Routing\\Router.php(799): Illuminate\\Routing\\Route->run()
#25 C:\\Users\\rakhi\\myshop\\vendor\\laravel\\framework\\src\\Illuminate\\Pipeline\\Pipeline.php(141): Illuminate\\Routing\\Router->Illuminate\\Routing\\{closure}(Object(Illuminate\\Http\\Request))
#26 C:\\Users\\rakhi\\myshop\\vendor\\laravel\\framework\\src\\Illuminate\\Routing\\Middleware\\SubstituteBindings.php(50): Illuminate\\Pipeline\\Pipeline->Illuminate\\Pipeline\\{closure}(Object(Illuminate\\Http\\Request))
#27 C:\\Users\\rakhi\\myshop\\vendor\\laravel\\framework\\src\\Illuminate\\Pipeline\\Pipeline.php(180): Illuminate\\Routing\\Middleware\\SubstituteBindings->handle(Object(Illuminate\\Http\\Request), Object(Closure))
#28 C:\\Users\\rakhi\\myshop\\vendor\\laravel\\framework\\src\\Illuminate\\Foundation\\Http\\Middleware\\VerifyCsrfToken.php(78): Illuminate\\Pipeline\\Pipeline->Illuminate\\Pipeline\\{closure}(Object(Illuminate\\Http\\Request))
#29 C:\\Users\\rakhi\\myshop\\vendor\\laravel\\framework\\src\\Illuminate\\Pipeline\\Pipeline.php(180): Illuminate\\Foundation\\Http\\Middleware\\VerifyCsrfToken->handle(Object(Illuminate\\Http\\Request), Object(Closure))
#30 C:\\Users\\rakhi\\myshop\\vendor\\laravel\\framework\\src\\Illuminate\\View\\Middleware\\ShareErrorsFromSession.php(49): Illuminate\\Pipeline\\Pipeline->Illuminate\\Pipeline\\{closure}(Object(Illuminate\\Http\\Request))
#31 C:\\Users\\rakhi\\myshop\\vendor\\laravel\\framework\\src\\Illuminate\\Pipeline\\Pipeline.php(180): Illuminate\\View\\Middleware\\ShareErrorsFromSession->handle(Object(Illuminate\\Http\\Request), Object(Closure))
#32 C:\\Users\\rakhi\\myshop\\vendor\\laravel\\framework\\src\\Illuminate\\Session\\Middleware\\StartSession.php(121): Illuminate\\Pipeline\\Pipeline->Illuminate\\Pipeline\\{closure}(Object(Illuminate\\Http\\Request))
#33 C:\\Users\\rakhi\\myshop\\vendor\\laravel\\framework\\src\\Illuminate\\Session\\Middleware\\StartSession.php(64): Illuminate\\Session\\Middleware\\StartSession->handleStatefulRequest(Object(Illuminate\\Http\\Request), Object(Illuminate\\Session\\Store), Object(Closure))
#34 C:\\Users\\rakhi\\myshop\\vendor\\laravel\\framework\\src\\Illuminate\\Pipeline\\Pipeline.php(180): Illuminate\\Session\\Middleware\\StartSession->handle(Object(Illuminate\\Http\\Request), Object(Closure))
#35 C:\\Users\\rakhi\\myshop\\vendor\\laravel\\framework\\src\\Illuminate\\Cookie\\Middleware\\AddQueuedCookiesToResponse.php(37): Illuminate\\Pipeline\\Pipeline->Illuminate\\Pipeline\\{closure}(Object(Illuminate\\Http\\Request))
#36 C:\\Users\\rakhi\\myshop\\vendor\\laravel\\framework\\src\\Illuminate\\Pipeline\\Pipeline.php(180): Illuminate\\Cookie\\Middleware\\AddQueuedCookiesToResponse->handle(Object(Illuminate\\Http\\Request), Object(Closure))
#37 C:\\Users\\rakhi\\myshop\\vendor\\laravel\\framework\\src\\Illuminate\\Cookie\\Middleware\\EncryptCookies.php(67): Illuminate\\Pipeline\\Pipeline->Illuminate\\Pipeline\\{closure}(Object(Illuminate\\Http\\Request))
#38 C:\\Users\\rakhi\\myshop\\vendor\\laravel\\framework\\src\\Illuminate\\Pipeline\\Pipeline.php(180): Illuminate\\Cookie\\Middleware\\EncryptCookies->handle(Object(Illuminate\\Http\\Request), Object(Closure))
#39 C:\\Users\\rakhi\\myshop\\vendor\\laravel\\framework\\src\\Illuminate\\Pipeline\\Pipeline.php(116): Illuminate\\Pipeline\\Pipeline->Illuminate\\Pipeline\\{closure}(Object(Illuminate\\Http\\Request))
#40 C:\\Users\\rakhi\\myshop\\vendor\\laravel\\framework\\src\\Illuminate\\Routing\\Router.php(798): Illuminate\\Pipeline\\Pipeline->then(Object(Closure))
#41 C:\\Users\\rakhi\\myshop\\vendor\\laravel\\framework\\src\\Illuminate\\Routing\\Router.php(777): Illuminate\\Routing\\Router->runRouteWithinStack(Object(Illuminate\\Routing\\Route), Object(Illuminate\\Http\\Request))
#42 C:\\Users\\rakhi\\myshop\\vendor\\laravel\\framework\\src\\Illuminate\\Routing\\Router.php(741): Illuminate\\Routing\\Router->runRoute(Object(Illuminate\\Http\\Request), Object(Illuminate\\Routing\\Route))
#43 C:\\Users\\rakhi\\myshop\\vendor\\laravel\\framework\\src\\Illuminate\\Routing\\Router.php(730): Illuminate\\Routing\\Router->dispatchToRoute(Object(Illuminate\\Http\\Request))
#44 C:\\Users\\rakhi\\myshop\\vendor\\laravel\\framework\\src\\Illuminate\\Foundation\\Http\\Kernel.php(200): Illuminate\\Routing\\Router->dispatch(Object(Illuminate\\Http\\Request))
#45 C:\\Users\\rakhi\\myshop\\vendor\\laravel\\framework\\src\\Illuminate\\Pipeline\\Pipeline.php(141): Illuminate\\Foundation\\Http\\Kernel->Illuminate\\Foundation\\Http\\{closure}(Object(Illuminate\\Http\\Request))
#46 C:\\Users\\rakhi\\myshop\\app\\Http\\Middleware\\SetLocale.php(25): Illuminate\\Pipeline\\Pipeline->Illuminate\\Pipeline\\{closure}(Object(Illuminate\\Http\\Request))
#47 C:\\Users\\rakhi\\myshop\\vendor\\laravel\\framework\\src\\Illuminate\\Pipeline\\Pipeline.php(180): App\\Http\\Middleware\\SetLocale->handle(Object(Illuminate\\Http\\Request), Object(Closure))
#48 C:\\Users\\rakhi\\myshop\\vendor\\laravel\\framework\\src\\Illuminate\\Foundation\\Http\\Middleware\\TransformsRequest.php(21): Illuminate\\Pipeline\\Pipeline->Illuminate\\Pipeline\\{closure}(Object(Illuminate\\Http\\Request))
#49 C:\\Users\\rakhi\\myshop\\vendor\\laravel\\framework\\src\\Illuminate\\Foundation\\Http\\Middleware\\ConvertEmptyStringsToNull.php(31): Illuminate\\Foundation\\Http\\Middleware\\TransformsRequest->handle(Object(Illuminate\\Http\\Request), Object(Closure))
#50 C:\\Users\\rakhi\\myshop\\vendor\\laravel\\framework\\src\\Illuminate\\Pipeline\\Pipeline.php(180): Illuminate\\Foundation\\Http\\Middleware\\ConvertEmptyStringsToNull->handle(Object(Illuminate\\Http\\Request), Object(Closure))
#51 C:\\Users\\rakhi\\myshop\\vendor\\laravel\\framework\\src\\Illuminate\\Foundation\\Http\\Middleware\\TransformsRequest.php(21): Illuminate\\Pipeline\\Pipeline->Illuminate\\Pipeline\\{closure}(Object(Illuminate\\Http\\Request))
#52 C:\\Users\\rakhi\\myshop\\vendor\\laravel\\framework\\src\\Illuminate\\Foundation\\Http\\Middleware\\TrimStrings.php(40): Illuminate\\Foundation\\Http\\Middleware\\TransformsRequest->handle(Object(Illuminate\\Http\\Request), Object(Closure))
#53 C:\\Users\\rakhi\\myshop\\vendor\\laravel\\framework\\src\\Illuminate\\Pipeline\\Pipeline.php(180): Illuminate\\Foundation\\Http\\Middleware\\TrimStrings->handle(Object(Illuminate\\Http\\Request), Object(Closure))
#54 C:\\Users\\rakhi\\myshop\\vendor\\laravel\\framework\\src\\Illuminate\\Foundation\\Http\\Middleware\\ValidatePostSize.php(27): Illuminate\\Pipeline\\Pipeline->Illuminate\\Pipeline\\{closure}(Object(Illuminate\\Http\\Request))
#55 C:\\Users\\rakhi\\myshop\\vendor\\laravel\\framework\\src\\Illuminate\\Pipeline\\Pipeline.php(180): Illuminate\\Foundation\\Http\\Middleware\\ValidatePostSize->handle(Object(Illuminate\\Http\\Request), Object(Closure))
#56 C:\\Users\\rakhi\\myshop\\vendor\\laravel\\framework\\src\\Illuminate\\Foundation\\Http\\Middleware\\PreventRequestsDuringMaintenance.php(99): Illuminate\\Pipeline\\Pipeline->Illuminate\\Pipeline\\{closure}(Object(Illuminate\\Http\\Request))
#57 C:\\Users\\rakhi\\myshop\\vendor\\laravel\\framework\\src\\Illuminate\\Pipeline\\Pipeline.php(180): Illuminate\\Foundation\\Http\\Middleware\\PreventRequestsDuringMaintenance->handle(Object(Illuminate\\Http\\Request), Object(Closure))
#58 C:\\Users\\rakhi\\myshop\\vendor\\laravel\\framework\\src\\Illuminate\\Http\\Middleware\\HandleCors.php(49): Illuminate\\Pipeline\\Pipeline->Illuminate\\Pipeline\\{closure}(Object(Illuminate\\Http\\Request))
#59 C:\\Users\\rakhi\\myshop\\vendor\\laravel\\framework\\src\\Illuminate\\Pipeline\\Pipeline.php(180): Illuminate\\Http\\Middleware\\HandleCors->handle(Object(Illuminate\\Http\\Request), Object(Closure))
#60 C:\\Users\\rakhi\\myshop\\vendor\\laravel\\framework\\src\\Illuminate\\Http\\Middleware\\TrustProxies.php(39): Illuminate\\Pipeline\\Pipeline->Illuminate\\Pipeline\\{closure}(Object(Illuminate\\Http\\Request))
#61 C:\\Users\\rakhi\\myshop\\vendor\\laravel\\framework\\src\\Illuminate\\Pipeline\\Pipeline.php(180): Illuminate\\Http\\Middleware\\TrustProxies->handle(Object(Illuminate\\Http\\Request), Object(Closure))
#62 C:\\Users\\rakhi\\myshop\\app\\Http\\Middleware\\TrustHosts.php(24): Illuminate\\Pipeline\\Pipeline->Illuminate\\Pipeline\\{closure}(Object(Illuminate\\Http\\Request))
#63 C:\\Users\\rakhi\\myshop\\vendor\\laravel\\framework\\src\\Illuminate\\Pipeline\\Pipeline.php(180): App\\Http\\Middleware\\TrustHosts->handle(Object(Illuminate\\Http\\Request), Object(Closure))
#64 C:\\Users\\rakhi\\myshop\\vendor\\laravel\\framework\\src\\Illuminate\\Pipeline\\Pipeline.php(116): Illuminate\\Pipeline\\Pipeline->Illuminate\\Pipeline\\{closure}(Object(Illuminate\\Http\\Request))
#65 C:\\Users\\rakhi\\myshop\\vendor\\laravel\\framework\\src\\Illuminate\\Foundation\\Http\\Kernel.php(175): Illuminate\\Pipeline\\Pipeline->then(Object(Closure))
#66 C:\\Users\\rakhi\\myshop\\vendor\\laravel\\framework\\src\\Illuminate\\Foundation\\Http\\Kernel.php(144): Illuminate\\Foundation\\Http\\Kernel->sendRequestThroughRouter(Object(Illuminate\\Http\\Request))
#67 C:\\Users\\rakhi\\myshop\\public\\index.php(51): Illuminate\\Foundation\\Http\\Kernel->handle(Object(Illuminate\\Http\\Request))
#68 C:\\Users\\rakhi\\myshop\\vendor\\laravel\\framework\\src\\Illuminate\\Foundation\\resources\\server.php(16): require_once('C:\\\\Users\\\\rakhi\\\\...')
#69 {main}
"} 
[2023-11-08 04:34:37] local.ERROR: An exception occurred in the driver: SQLSTATE[HY000] [2002] No connection could be made because the target machine actively refused it: SET SESSION sort_buffer_size=2097144; SET NAMES 'utf8mb4'; SET SESSION sql_mode='ANSI' {"exception":"[object] (Aimeos\\Base\\DB\\Exception(code: 2002): An exception occurred in the driver: SQLSTATE[HY000] [2002] No connection could be made because the target machine actively refused it: SET SESSION sort_buffer_size=2097144; SET NAMES 'utf8mb4'; SET SESSION sql_mode='ANSI' at C:\\Users\\rakhi\\myshop\\vendor\\aimeos\\aimeos-base\\src\\DB\\Statement\\DBAL\\Simple.php:75)
[stacktrace]
#0 C:\\Users\\rakhi\\myshop\\vendor\\aimeos\\aimeos-base\\src\\DB\\Connection\\DBAL.php(82): Aimeos\\Base\\DB\\Statement\\DBAL\\Simple->execute()
#1 C:\\Users\\rakhi\\myshop\\vendor\\aimeos\\aimeos-base\\src\\DB\\Connection\\DBAL.php(37): Aimeos\\Base\\DB\\Connection\\DBAL->connect()
#2 C:\\Users\\rakhi\\myshop\\vendor\\aimeos\\aimeos-base\\src\\DB\\Manager\\Standard.php(130): Aimeos\\Base\\DB\\Connection\\DBAL->__construct(Array)
#3 C:\\Users\\rakhi\\myshop\\vendor\\aimeos\\aimeos-base\\src\\DB\\Manager\\Standard.php(86): Aimeos\\Base\\DB\\Manager\\Standard->create(Array)
#4 C:\\Users\\rakhi\\myshop\\vendor\\aimeos\\aimeos-core\\src\\MShop\\Context.php(208): Aimeos\\Base\\DB\\Manager\\Standard->get('db-cache', false)
#5 C:\\Users\\rakhi\\myshop\\vendor\\aimeos\\aimeos-core\\src\\MAdmin\\Cache\\Manager\\Standard.php(213): Aimeos\\MShop\\Context->db('db-cache')
#6 C:\\Users\\rakhi\\myshop\\vendor\\aimeos\\aimeos-laravel\\src\\Base\\Context.php(120): Aimeos\\MAdmin\\Cache\\Manager\\Standard->getCache()
#7 C:\\Users\\rakhi\\myshop\\vendor\\aimeos\\aimeos-laravel\\src\\Base\\Context.php(84): Aimeos\\Shop\\Base\\Context->addCache(Object(Aimeos\\MShop\\Context))
#8 C:\\Users\\rakhi\\myshop\\vendor\\aimeos\\aimeos-laravel\\src\\Base\\Shop.php(42): Aimeos\\Shop\\Base\\Context->get()
#9 C:\\Users\\rakhi\\myshop\\vendor\\aimeos\\aimeos-laravel\\src\\ShopServiceProvider.php(109): Aimeos\\Shop\\Base\\Shop->__construct(Object(Aimeos\\Shop\\Base\\Aimeos), Object(Aimeos\\Shop\\Base\\Context), Object(Aimeos\\Shop\\Base\\View))
#10 C:\\Users\\rakhi\\myshop\\vendor\\laravel\\framework\\src\\Illuminate\\Container\\Container.php(908): Aimeos\\Shop\\ShopServiceProvider->Aimeos\\Shop\\{closure}(Object(Illuminate\\Foundation\\Application), Array)
#11 C:\\Users\\rakhi\\myshop\\vendor\\laravel\\framework\\src\\Illuminate\\Container\\Container.php(795): Illuminate\\Container\\Container->build(Object(Closure))
#12 C:\\Users\\rakhi\\myshop\\vendor\\laravel\\framework\\src\\Illuminate\\Foundation\\Application.php(955): Illuminate\\Container\\Container->resolve('aimeos.shop', Array, true)
#13 C:\\Users\\rakhi\\myshop\\vendor\\laravel\\framework\\src\\Illuminate\\Container\\Container.php(731): Illuminate\\Foundation\\Application->resolve('aimeos.shop', Array)
#14 C:\\Users\\rakhi\\myshop\\vendor\\laravel\\framework\\src\\Illuminate\\Foundation\\Application.php(940): Illuminate\\Container\\Container->make('aimeos.shop', Array)
#15 C:\\Users\\rakhi\\myshop\\vendor\\laravel\\framework\\src\\Illuminate\\Container\\Container.php(1454): Illuminate\\Foundation\\Application->make('aimeos.shop')
#16 C:\\Users\\rakhi\\myshop\\vendor\\laravel\\framework\\src\\Illuminate\\Support\\Facades\\Facade.php(236): Illuminate\\Container\\Container->offsetGet('aimeos.shop')
#17 C:\\Users\\rakhi\\myshop\\vendor\\laravel\\framework\\src\\Illuminate\\Support\\Facades\\Facade.php(207): Illuminate\\Support\\Facades\\Facade::resolveFacadeInstance('aimeos.shop')
#18 C:\\Users\\rakhi\\myshop\\vendor\\laravel\\framework\\src\\Illuminate\\Support\\Facades\\Facade.php(347): Illuminate\\Support\\Facades\\Facade::getFacadeRoot()
#19 C:\\Users\\rakhi\\myshop\\vendor\\aimeos\\aimeos-laravel\\src\\Controller\\CatalogController.php(81): Illuminate\\Support\\Facades\\Facade::__callStatic('get', Array)
#20 C:\\Users\\rakhi\\myshop\\vendor\\laravel\\framework\\src\\Illuminate\\Routing\\Controller.php(54): Aimeos\\Shop\\Controller\\CatalogController->homeAction()
#21 C:\\Users\\rakhi\\myshop\\vendor\\laravel\\framework\\src\\Illuminate\\Routing\\ControllerDispatcher.php(43): Illuminate\\Routing\\Controller->callAction('homeAction', Array)
#22 C:\\Users\\rakhi\\myshop\\vendor\\laravel\\framework\\src\\Illuminate\\Routing\\Route.php(259): Illuminate\\Routing\\ControllerDispatcher->dispatch(Object(Illuminate\\Routing\\Route), Object(Aimeos\\Shop\\Controller\\CatalogController), 'homeAction')
#23 C:\\Users\\rakhi\\myshop\\vendor\\laravel\\framework\\src\\Illuminate\\Routing\\Route.php(205): Illuminate\\Routing\\Route->runController()
#24 C:\\Users\\rakhi\\myshop\\vendor\\laravel\\framework\\src\\Illuminate\\Routing\\Router.php(799): Illuminate\\Routing\\Route->run()
#25 C:\\Users\\rakhi\\myshop\\vendor\\laravel\\framework\\src\\Illuminate\\Pipeline\\Pipeline.php(141): Illuminate\\Routing\\Router->Illuminate\\Routing\\{closure}(Object(Illuminate\\Http\\Request))
#26 C:\\Users\\rakhi\\myshop\\vendor\\laravel\\framework\\src\\Illuminate\\Routing\\Middleware\\SubstituteBindings.php(50): Illuminate\\Pipeline\\Pipeline->Illuminate\\Pipeline\\{closure}(Object(Illuminate\\Http\\Request))
#27 C:\\Users\\rakhi\\myshop\\vendor\\laravel\\framework\\src\\Illuminate\\Pipeline\\Pipeline.php(180): Illuminate\\Routing\\Middleware\\SubstituteBindings->handle(Object(Illuminate\\Http\\Request), Object(Closure))
#28 C:\\Users\\rakhi\\myshop\\vendor\\laravel\\framework\\src\\Illuminate\\Foundation\\Http\\Middleware\\VerifyCsrfToken.php(78): Illuminate\\Pipeline\\Pipeline->Illuminate\\Pipeline\\{closure}(Object(Illuminate\\Http\\Request))
#29 C:\\Users\\rakhi\\myshop\\vendor\\laravel\\framework\\src\\Illuminate\\Pipeline\\Pipeline.php(180): Illuminate\\Foundation\\Http\\Middleware\\VerifyCsrfToken->handle(Object(Illuminate\\Http\\Request), Object(Closure))
#30 C:\\Users\\rakhi\\myshop\\vendor\\laravel\\framework\\src\\Illuminate\\View\\Middleware\\ShareErrorsFromSession.php(49): Illuminate\\Pipeline\\Pipeline->Illuminate\\Pipeline\\{closure}(Object(Illuminate\\Http\\Request))
#31 C:\\Users\\rakhi\\myshop\\vendor\\laravel\\framework\\src\\Illuminate\\Pipeline\\Pipeline.php(180): Illuminate\\View\\Middleware\\ShareErrorsFromSession->handle(Object(Illuminate\\Http\\Request), Object(Closure))
#32 C:\\Users\\rakhi\\myshop\\vendor\\laravel\\framework\\src\\Illuminate\\Session\\Middleware\\StartSession.php(121): Illuminate\\Pipeline\\Pipeline->Illuminate\\Pipeline\\{closure}(Object(Illuminate\\Http\\Request))
#33 C:\\Users\\rakhi\\myshop\\vendor\\laravel\\framework\\src\\Illuminate\\Session\\Middleware\\StartSession.php(64): Illuminate\\Session\\Middleware\\StartSession->handleStatefulRequest(Object(Illuminate\\Http\\Request), Object(Illuminate\\Session\\Store), Object(Closure))
#34 C:\\Users\\rakhi\\myshop\\vendor\\laravel\\framework\\src\\Illuminate\\Pipeline\\Pipeline.php(180): Illuminate\\Session\\Middleware\\StartSession->handle(Object(Illuminate\\Http\\Request), Object(Closure))
#35 C:\\Users\\rakhi\\myshop\\vendor\\laravel\\framework\\src\\Illuminate\\Cookie\\Middleware\\AddQueuedCookiesToResponse.php(37): Illuminate\\Pipeline\\Pipeline->Illuminate\\Pipeline\\{closure}(Object(Illuminate\\Http\\Request))
#36 C:\\Users\\rakhi\\myshop\\vendor\\laravel\\framework\\src\\Illuminate\\Pipeline\\Pipeline.php(180): Illuminate\\Cookie\\Middleware\\AddQueuedCookiesToResponse->handle(Object(Illuminate\\Http\\Request), Object(Closure))
#37 C:\\Users\\rakhi\\myshop\\vendor\\laravel\\framework\\src\\Illuminate\\Cookie\\Middleware\\EncryptCookies.php(67): Illuminate\\Pipeline\\Pipeline->Illuminate\\Pipeline\\{closure}(Object(Illuminate\\Http\\Request))
#38 C:\\Users\\rakhi\\myshop\\vendor\\laravel\\framework\\src\\Illuminate\\Pipeline\\Pipeline.php(180): Illuminate\\Cookie\\Middleware\\EncryptCookies->handle(Object(Illuminate\\Http\\Request), Object(Closure))
#39 C:\\Users\\rakhi\\myshop\\vendor\\laravel\\framework\\src\\Illuminate\\Pipeline\\Pipeline.php(116): Illuminate\\Pipeline\\Pipeline->Illuminate\\Pipeline\\{closure}(Object(Illuminate\\Http\\Request))
#40 C:\\Users\\rakhi\\myshop\\vendor\\laravel\\framework\\src\\Illuminate\\Routing\\Router.php(798): Illuminate\\Pipeline\\Pipeline->then(Object(Closure))
#41 C:\\Users\\rakhi\\myshop\\vendor\\laravel\\framework\\src\\Illuminate\\Routing\\Router.php(777): Illuminate\\Routing\\Router->runRouteWithinStack(Object(Illuminate\\Routing\\Route), Object(Illuminate\\Http\\Request))
#42 C:\\Users\\rakhi\\myshop\\vendor\\laravel\\framework\\src\\Illuminate\\Routing\\Router.php(741): Illuminate\\Routing\\Router->runRoute(Object(Illuminate\\Http\\Request), Object(Illuminate\\Routing\\Route))
#43 C:\\Users\\rakhi\\myshop\\vendor\\laravel\\framework\\src\\Illuminate\\Routing\\Router.php(730): Illuminate\\Routing\\Router->dispatchToRoute(Object(Illuminate\\Http\\Request))
#44 C:\\Users\\rakhi\\myshop\\vendor\\laravel\\framework\\src\\Illuminate\\Foundation\\Http\\Kernel.php(200): Illuminate\\Routing\\Router->dispatch(Object(Illuminate\\Http\\Request))
#45 C:\\Users\\rakhi\\myshop\\vendor\\laravel\\framework\\src\\Illuminate\\Pipeline\\Pipeline.php(141): Illuminate\\Foundation\\Http\\Kernel->Illuminate\\Foundation\\Http\\{closure}(Object(Illuminate\\Http\\Request))
#46 C:\\Users\\rakhi\\myshop\\app\\Http\\Middleware\\SetLocale.php(25): Illuminate\\Pipeline\\Pipeline->Illuminate\\Pipeline\\{closure}(Object(Illuminate\\Http\\Request))
#47 C:\\Users\\rakhi\\myshop\\vendor\\laravel\\framework\\src\\Illuminate\\Pipeline\\Pipeline.php(180): App\\Http\\Middleware\\SetLocale->handle(Object(Illuminate\\Http\\Request), Object(Closure))
#48 C:\\Users\\rakhi\\myshop\\vendor\\laravel\\framework\\src\\Illuminate\\Foundation\\Http\\Middleware\\TransformsRequest.php(21): Illuminate\\Pipeline\\Pipeline->Illuminate\\Pipeline\\{closure}(Object(Illuminate\\Http\\Request))
#49 C:\\Users\\rakhi\\myshop\\vendor\\laravel\\framework\\src\\Illuminate\\Foundation\\Http\\Middleware\\ConvertEmptyStringsToNull.php(31): Illuminate\\Foundation\\Http\\Middleware\\TransformsRequest->handle(Object(Illuminate\\Http\\Request), Object(Closure))
#50 C:\\Users\\rakhi\\myshop\\vendor\\laravel\\framework\\src\\Illuminate\\Pipeline\\Pipeline.php(180): Illuminate\\Foundation\\Http\\Middleware\\ConvertEmptyStringsToNull->handle(Object(Illuminate\\Http\\Request), Object(Closure))
#51 C:\\Users\\rakhi\\myshop\\vendor\\laravel\\framework\\src\\Illuminate\\Foundation\\Http\\Middleware\\TransformsRequest.php(21): Illuminate\\Pipeline\\Pipeline->Illuminate\\Pipeline\\{closure}(Object(Illuminate\\Http\\Request))
#52 C:\\Users\\rakhi\\myshop\\vendor\\laravel\\framework\\src\\Illuminate\\Foundation\\Http\\Middleware\\TrimStrings.php(40): Illuminate\\Foundation\\Http\\Middleware\\TransformsRequest->handle(Object(Illuminate\\Http\\Request), Object(Closure))
#53 C:\\Users\\rakhi\\myshop\\vendor\\laravel\\framework\\src\\Illuminate\\Pipeline\\Pipeline.php(180): Illuminate\\Foundation\\Http\\Middleware\\TrimStrings->handle(Object(Illuminate\\Http\\Request), Object(Closure))
#54 C:\\Users\\rakhi\\myshop\\vendor\\laravel\\framework\\src\\Illuminate\\Foundation\\Http\\Middleware\\ValidatePostSize.php(27): Illuminate\\Pipeline\\Pipeline->Illuminate\\Pipeline\\{closure}(Object(Illuminate\\Http\\Request))
#55 C:\\Users\\rakhi\\myshop\\vendor\\laravel\\framework\\src\\Illuminate\\Pipeline\\Pipeline.php(180): Illuminate\\Foundation\\Http\\Middleware\\ValidatePostSize->handle(Object(Illuminate\\Http\\Request), Object(Closure))
#56 C:\\Users\\rakhi\\myshop\\vendor\\laravel\\framework\\src\\Illuminate\\Foundation\\Http\\Middleware\\PreventRequestsDuringMaintenance.php(99): Illuminate\\Pipeline\\Pipeline->Illuminate\\Pipeline\\{closure}(Object(Illuminate\\Http\\Request))
#57 C:\\Users\\rakhi\\myshop\\vendor\\laravel\\framework\\src\\Illuminate\\Pipeline\\Pipeline.php(180): Illuminate\\Foundation\\Http\\Middleware\\PreventRequestsDuringMaintenance->handle(Object(Illuminate\\Http\\Request), Object(Closure))
#58 C:\\Users\\rakhi\\myshop\\vendor\\laravel\\framework\\src\\Illuminate\\Http\\Middleware\\HandleCors.php(49): Illuminate\\Pipeline\\Pipeline->Illuminate\\Pipeline\\{closure}(Object(Illuminate\\Http\\Request))
#59 C:\\Users\\rakhi\\myshop\\vendor\\laravel\\framework\\src\\Illuminate\\Pipeline\\Pipeline.php(180): Illuminate\\Http\\Middleware\\HandleCors->handle(Object(Illuminate\\Http\\Request), Object(Closure))
#60 C:\\Users\\rakhi\\myshop\\vendor\\laravel\\framework\\src\\Illuminate\\Http\\Middleware\\TrustProxies.php(39): Illuminate\\Pipeline\\Pipeline->Illuminate\\Pipeline\\{closure}(Object(Illuminate\\Http\\Request))
#61 C:\\Users\\rakhi\\myshop\\vendor\\laravel\\framework\\src\\Illuminate\\Pipeline\\Pipeline.php(180): Illuminate\\Http\\Middleware\\TrustProxies->handle(Object(Illuminate\\Http\\Request), Object(Closure))
#62 C:\\Users\\rakhi\\myshop\\app\\Http\\Middleware\\TrustHosts.php(24): Illuminate\\Pipeline\\Pipeline->Illuminate\\Pipeline\\{closure}(Object(Illuminate\\Http\\Request))
#63 C:\\Users\\rakhi\\myshop\\vendor\\laravel\\framework\\src\\Illuminate\\Pipeline\\Pipeline.php(180): App\\Http\\Middleware\\TrustHosts->handle(Object(Illuminate\\Http\\Request), Object(Closure))
#64 C:\\Users\\rakhi\\myshop\\vendor\\laravel\\framework\\src\\Illuminate\\Pipeline\\Pipeline.php(116): Illuminate\\Pipeline\\Pipeline->Illuminate\\Pipeline\\{closure}(Object(Illuminate\\Http\\Request))
#65 C:\\Users\\rakhi\\myshop\\vendor\\laravel\\framework\\src\\Illuminate\\Foundation\\Http\\Kernel.php(175): Illuminate\\Pipeline\\Pipeline->then(Object(Closure))
#66 C:\\Users\\rakhi\\myshop\\vendor\\laravel\\framework\\src\\Illuminate\\Foundation\\Http\\Kernel.php(144): Illuminate\\Foundation\\Http\\Kernel->sendRequestThroughRouter(Object(Illuminate\\Http\\Request))
#67 C:\\Users\\rakhi\\myshop\\public\\index.php(51): Illuminate\\Foundation\\Http\\Kernel->handle(Object(Illuminate\\Http\\Request))
#68 C:\\Users\\rakhi\\myshop\\vendor\\laravel\\framework\\src\\Illuminate\\Foundation\\resources\\server.php(16): require_once('C:\\\\Users\\\\rakhi\\\\...')
#69 {main}
"} 
